[01:21:59.179][INFO][CraftTweaker-EarlyInit]: CraftTweaker is running on a Minecraft 1.20.1 production client modded with platform Forge
[01:21:59.226][INFO][CraftTweaker-EarlyInit]: Successfully injected RecipeFS file system
[01:21:59.451][INFO][CraftTweaker-Plugins]: Successfully identified and loaded plugin farmersdelight:crafttweaker_plugin
[01:21:59.508][INFO][CraftTweaker-Plugins]: Successfully identified and loaded plugin crafttweaker:builtin
[01:21:59.512][INFO][CraftTweaker-Plugins]: Successfully identified and loaded plugin crafttweaker:builtin_forge
[01:21:59.517][INFO][CraftTweaker-Plugins]: Successfully identified and loaded plugin mekanism:crt_plugin
[01:22:03.240][INFO][CraftTweaker]: The following mods have explicit CraftTweaker support through the default plugin:
[01:22:03.247][INFO][CraftTweaker]: - 'aquaculture' at version '2.5.7'
[01:22:03.247][INFO][CraftTweaker]: - 'crafttweaker' at version '14.0.60'
[01:22:03.247][INFO][CraftTweaker]: - 'farmersdelight' at version '1.20.1-1.3.1'
[01:22:03.247][INFO][CraftTweaker]: - 'mekanism' at version '10.4.16'
[01:22:19.696][INFO][CraftTweaker-ZenCode]: Started loading scripts for loader 'mekanismcontent'
[01:22:20.076][INFO][CraftTweaker-ZenCode]: Compiling and executing scripts
[01:22:21.526][INFO][CraftTweaker-ZenCode]: Successfully initialized modules [mods, crafttweaker, expansions]
[01:22:21.668][INFO][CraftTweaker-ZenCode]: Execution for loader 'mekanismcontent' completed successfully
[01:22:21.668][INFO][Mekanism]: Registering 0 custom gases.
[01:22:21.673][INFO][Mekanism]: Registering 0 custom infuse types.
[01:22:21.687][INFO][Mekanism]: Registering 0 custom pigments.
[01:22:21.697][INFO][Mekanism]: Registering 0 custom slurries.
[01:22:29.401][INFO][CraftTweaker-ZenCode]: Started loading scripts for loader 'initialize'
[01:22:29.463][INFO][CraftTweaker-ZenCode]: Compiling and executing scripts
[01:22:29.466][INFO][CraftTweaker-ZenCode]: Successfully initialized modules [crafttweaker, expansions]
[01:22:29.539][INFO][CraftTweaker-ZenCode]: Execution for loader 'initialize' completed successfully
[01:23:29.689][INFO][CraftTweaker-ZenCode]: Started loading scripts for loader 'tags'
[01:23:29.714][INFO][CraftTweaker-ZenCode]: Compiling and executing scripts
[01:23:29.722][INFO][CraftTweaker-ZenCode]: Successfully initialized modules [crafttweaker, expansions]
[01:23:29.737][INFO][CraftTweaker-ZenCode]: Execution for loader 'tags' completed successfully
[01:23:33.396][INFO][CraftTweaker]: CraftTweaker reload starting!
[01:23:33.428][INFO][CraftTweaker-ZenCode]: Started loading scripts for loader 'crafttweaker'
[01:23:33.455][INFO][CraftTweaker-ZenCode]: Compiling and executing scripts
[01:23:33.682][INFO][CraftTweaker-ZenCode]: Successfully initialized modules [mods, crafttweaker, expansions]
[01:23:33.701][INFO][CraftTweaker-ZenCode]: Execution for loader 'crafttweaker' completed successfully
[01:23:33.704][INFO][CraftTweaker]: CraftTweaker reload complete!
